Flow report for dd
Mon Feb 17 20:49:03 2025
Quartus II 64-Bit Version 13.0.1 Build 232 06/12/2013 Service Pack 1 SJ Web Edition


---------------------
; Table of Contents ;
---------------------
  1. Legal Notice
  2. Flow Summary
  3. Flow Settings
  4. Flow Non-Default Global Settings
  5. Flow Elapsed Time
  6. Flow OS Summary
  7. Flow Log
  8. Flow Messages
  9. Flow Suppressed Messages



----------------
; Legal Notice ;
----------------
Copyright (C) 1991-2013 Altera Corporation
Your use of Altera Corporation's design tools, logic functions 
and other software and tools, and its AMPP partner logic 
functions, and any output files from any of the foregoing 
(including device programming or simulation files), and any 
associated documentation or information are expressly subject 
to the terms and conditions of the Altera Program License 
Subscription Agreement, Altera MegaCore Function License 
Agreement, or other applicable license agreement, including, 
without limitation, that your use is for the sole purpose of 
programming logic devices manufactured by Altera and sold by 
Altera or its authorized distributors.  Please refer to the 
applicable agreement for further details.



+---------------------------------------------------------------------------------------+
; Flow Summary                                                                          ;
+-------------------------------------+-------------------------------------------------+
; Flow Status                         ; Successful - Mon Feb 17 20:49:03 2025           ;
; Quartus II 64-Bit Version           ; 13.0.1 Build 232 06/12/2013 SP 1 SJ Web Edition ;
; Revision Name                       ; dd                                              ;
; Top-level Entity Name               ; sine_wave_generator                             ;
; Family                              ; Cyclone V                                       ;
; Device                              ; 5CSXFC6D6F31C6                                  ;
; Timing Models                       ; Preliminary                                     ;
; Logic utilization (in ALMs)         ; 16 / 41,910 ( < 1 % )                           ;
; Total registers                     ; 8                                               ;
; Total pins                          ; 18 / 499 ( 4 % )                                ;
; Total virtual pins                  ; 0                                               ;
; Total block memory bits             ; 0 / 5,662,720 ( 0 % )                           ;
; Total DSP Blocks                    ; 0 / 112 ( 0 % )                                 ;
; Total HSSI RX PCSs                  ; 0 / 9 ( 0 % )                                   ;
; Total HSSI PMA RX Deserializers     ; 0 / 9 ( 0 % )                                   ;
; Total HSSI PMA RX ATT Deserializers ; 0                                               ;
; Total HSSI TX PCSs                  ; 0 / 9 ( 0 % )                                   ;
; Total HSSI PMA TX Serializers       ; 0 / 9 ( 0 % )                                   ;
; Total HSSI PMA TX ATT Serializers   ; 0 / 9 ( 0 % )                                   ;
; Total PLLs                          ; 0 / 15 ( 0 % )                                  ;
; Total DLLs                          ; 0 / 4 ( 0 % )                                   ;
+-------------------------------------+-------------------------------------------------+


+-----------------------------------------+
; Flow Settings                           ;
+-------------------+---------------------+
; Option            ; Setting             ;
+-------------------+---------------------+
; Start date & time ; 02/17/2025 20:47:57 ;
; Main task         ; Compilation         ;
; Revision Name     ; dd                  ;
+-------------------+---------------------+


+------------------------------------------------------------------------------------------------------------------------------------+
; Flow Non-Default Global Settings                                                                                                   ;
+-------------------------------------+---------------------------------------+---------------+---------------------+----------------+
; Assignment Name                     ; Value                                 ; Default Value ; Entity Name         ; Section Id     ;
+-------------------------------------+---------------------------------------+---------------+---------------------+----------------+
; COMPILER_SIGNATURE_ID               ; 176156949468243.173980007707964       ; --            ; --                  ; --             ;
; EDA_GENERATE_FUNCTIONAL_NETLIST     ; On                                    ; --            ; --                  ; eda_simulation ;
; EDA_OUTPUT_DATA_FORMAT              ; Verilog Hdl                           ; --            ; --                  ; eda_simulation ;
; EDA_SIMULATION_TOOL                 ; ModelSim-Altera (Verilog)             ; <None>        ; --                  ; --             ;
; EDA_TIME_SCALE                      ; 1 ps                                  ; --            ; --                  ; eda_simulation ;
; MAX_CORE_JUNCTION_TEMP              ; 85                                    ; --            ; --                  ; --             ;
; MIN_CORE_JUNCTION_TEMP              ; 0                                     ; --            ; --                  ; --             ;
; PARTITION_COLOR                     ; 16764057                              ; --            ; sine_wave_generator ; Top            ;
; PARTITION_FITTER_PRESERVATION_LEVEL ; PLACEMENT_AND_ROUTING                 ; --            ; sine_wave_generator ; Top            ;
; PARTITION_NETLIST_TYPE              ; SOURCE                                ; --            ; sine_wave_generator ; Top            ;
; POWER_BOARD_THERMAL_MODEL           ; None (CONSERVATIVE)                   ; --            ; --                  ; --             ;
; POWER_PRESET_COOLING_SOLUTION       ; 23 MM HEAT SINK WITH 200 LFPM AIRFLOW ; --            ; --                  ; --             ;
; PROJECT_OUTPUT_DIRECTORY            ; output_files                          ; --            ; --                  ; --             ;
; TOP_LEVEL_ENTITY                    ; sine_wave_generator                   ; dd            ; --                  ; --             ;
+-------------------------------------+---------------------------------------+---------------+---------------------+----------------+


+-------------------------------------------------------------------------------------------------------------------------------+
; Flow Elapsed Time                                                                                                             ;
+---------------------------+--------------+-------------------------+---------------------+------------------------------------+
; Module Name               ; Elapsed Time ; Average Processors Used ; Peak Virtual Memory ; Total CPU Time (on all processors) ;
+---------------------------+--------------+-------------------------+---------------------+------------------------------------+
; Analysis & Synthesis      ; 00:00:01     ; 1.0                     ; 4625 MB             ; 00:00:01                           ;
; Fitter                    ; 00:00:53     ; 1.0                     ; 6019 MB             ; 00:00:53                           ;
; Assembler                 ; 00:00:00     ; 1.0                     ; 4589 MB             ; 00:00:01                           ;
; TimeQuest Timing Analyzer ; 00:00:07     ; 1.0                     ; 5170 MB             ; 00:00:07                           ;
; EDA Netlist Writer        ; 00:00:01     ; 1.0                     ; 4571 MB             ; 00:00:01                           ;
; Total                     ; 00:01:02     ; --                      ; --                  ; 00:01:03                           ;
+---------------------------+--------------+-------------------------+---------------------+------------------------------------+


+----------------------------------------------------------------------------------------+
; Flow OS Summary                                                                        ;
+---------------------------+------------------+-----------+------------+----------------+
; Module Name               ; Machine Hostname ; OS Name   ; OS Version ; Processor type ;
+---------------------------+------------------+-----------+------------+----------------+
; Analysis & Synthesis      ; DESKTOP-O50AKAU  ; Windows 7 ; 6.2        ; x86_64         ;
; Fitter                    ; DESKTOP-O50AKAU  ; Windows 7 ; 6.2        ; x86_64         ;
; Assembler                 ; DESKTOP-O50AKAU  ; Windows 7 ; 6.2        ; x86_64         ;
; TimeQuest Timing Analyzer ; DESKTOP-O50AKAU  ; Windows 7 ; 6.2        ; x86_64         ;
; EDA Netlist Writer        ; DESKTOP-O50AKAU  ; Windows 7 ; 6.2        ; x86_64         ;
+---------------------------+------------------+-----------+------------+----------------+


------------
; Flow Log ;
------------
quartus_map --read_settings_files=on --write_settings_files=off dd -c dd
quartus_fit --read_settings_files=off --write_settings_files=off dd -c dd
quartus_asm --read_settings_files=off --write_settings_files=off dd -c dd
quartus_sta dd -c dd
quartus_eda --read_settings_files=off --write_settings_files=off dd -c dd



